2025-03-26 08:58:51.599 - DBeaver 23.0.1.202303250535 is starting
2025-03-26 08:58:51.600 - OS: Windows 11 10.0 (amd64)
2025-03-26 08:58:51.600 - Java version: 11.0.18 by Eclipse Adoptium (64bit)
2025-03-26 08:58:51.600 - Install path: 'C:\Users\USER\Desktop\gb_0900_pjk\dbms\resource\dbeaver'
2025-03-26 08:58:51.600 - Instance path: 'file:/C:/Users/USER/Desktop/gb_0900_pjk/dbms/workspace/'
2025-03-26 08:58:51.600 - Memory available 64Mb/1024Mb
2025-03-26 08:58:51.615 - Create display
2025-03-26 08:58:51.725 - Initializing DBeaver 23.0.1
2025-03-26 08:58:51.725 - Host plugin: org.jkiss.dbeaver.ui.app.standalone 23.0.1.202303250535
2025-03-26 08:58:51.727 - Initialize desktop platform...
2025-03-26 08:58:51.930 - BounceCastle bundle found. Use JCE provider BC
> Start Core File Systems [org.eclipse.core.filesystem 1.9.500.v20220817-1539]
> Start Core Resource Management [org.eclipse.core.resources 3.18.100.v20221025-2047]
> Start DBeaver UI Navigator [org.jkiss.dbeaver.ui.navigator 1.0.102.202303250535]
> Start 팀 지원 핵심 [org.eclipse.team.core 3.9.600.v20220902-2219]
2025-03-26 08:58:52.344 - Initialize base platform...
> Start Expression Language [org.eclipse.core.expressions 3.8.200.v20220613-1047]
2025-03-26 08:58:52.395 - Platform initialized (668ms)
> Start DBeaver UI Editors - Base [org.jkiss.dbeaver.ui.editors.base 1.0.102.202303250535]
2025-03-26 08:58:52.404 - Starting RMI server at 39789
2025-03-26 08:58:52.598 - Run workbench
> Start DBeaver UI [org.jkiss.dbeaver.ui 5.1.117.202303250535]
> Start Eclipse e4 작업영역 SWT [org.eclipse.e4.ui.workbench.swt 0.16.700.v20221024-2137]
> Start Eclipse Application Services [org.eclipse.e4.core.services 2.3.400.v20220915-1347]
> Start Eclipse UI Application Services [org.eclipse.e4.ui.services 1.5.100.v20221024-2137]
> Start Eclipse e4 Progress View [org.eclipse.e4.ui.progress 0.3.600.v20221024-2137]
> Start EMF XML/XMI Persistence [org.eclipse.emf.ecore.xmi 2.17.0.v20220817-1334]
> Start Eclipse CSS SWT Theme Support [org.eclipse.e4.ui.css.swt.theme 0.13.200.v20221024-2137]
> Start Eclipse e4 작업영역 기능 추가 [org.eclipse.e4.ui.workbench.addons.swt 1.4.500.v20221028-0801]
> Start Eclipse e4 작업영역 SWT 렌더러 [org.eclipse.e4.ui.workbench.renderers.swt 0.15.700.v20221024-2137]
> Start Eclipse Bindings Support [org.eclipse.e4.ui.bindings 0.13.200.v20221024-2137]
> Start Eclipse Dependency Injection Extensions [org.eclipse.e4.core.di.extensions 0.17.200.v20220613-1008]
> Start Eclipse CSS SWT Support [org.eclipse.e4.ui.css.swt 0.14.700.v20221102-0748]
> Start Java Native Access [com.sun.jna 5.12.1.v20221103-2317]
Warning: NLS unused message: BlockedJobsDialog_UserInterfaceTreeElement in: org.eclipse.ui.internal.progress.messages
2025-03-26 08:59:04.108 - Configure workbench window
> Start 도움말 시스템 코어 [org.eclipse.help 3.9.100.v20210721-0601]
2025-03-26 08:59:04.281 - Create actions
2025-03-26 08:59:04.286 - Disable Eclipse action set 'org.eclipse.ui.edit.text.actionSet.annotationNavigation'
2025-03-26 08:59:04.286 - Disable Eclipse action set 'org.eclipse.ui.WorkingSetActionSet'
2025-03-26 08:59:04.287 - Disable Eclipse action set 'org.eclipse.ui.actionSet.openFiles'
2025-03-26 08:59:04.606 - Initialize workbench window
2025-03-26 08:59:04.610 - Finish initialization
> Start 기본 문서 편집기 [org.eclipse.ui.editors 3.14.400.v20220730-1844]
> Start 텍스트 편집기 프레임워크 [org.eclipse.ui.workbench.texteditor 3.16.600.v20220809-1658]
> Start DBeaver UI Editors - Data [org.jkiss.dbeaver.ui.editors.data 1.0.102.202303250535]
> Start DBeaver SQL Model [org.jkiss.dbeaver.model.sql 1.0.92.202303250535]
Warning: NLS unused message: actions_navigator__objects in: org.jkiss.dbeaver.ui.editors.sql.internal.SQLEditorMessages
> Start DBeaver UI Editors - SQL [org.jkiss.dbeaver.ui.editors.sql 1.0.102.202303250535]
> Start 핵심 비교 지원 [org.eclipse.compare.core 3.7.100.v20220812-1406]
> Start Equinox Java Authentication and Authorization Service (JAAS) [org.eclipse.equinox.security 1.3.1000.v20220801-1135]
> Start 인터넷 연결 관리 사용자 인터페이스 [org.eclipse.ui.net 1.4.100.v20220812-1406]
> Start Internet Connection Management [org.eclipse.core.net 1.4.0.v20220813-1037]
> Start DBeaver Sample Database [org.jkiss.dbeaver.ext.sample.database 1.0.139.202303250535]
> Start DBeaver Tip of the day [org.jkiss.dbeaver.ext.ui.tipoftheday 1.0.108.202303250535]
> Start Draw2d [org.eclipse.draw2dl 3.12.100.20230323081744]
> Start GEF3 GEF (MVC) [org.eclipse.gef3 3.12.100.20230323081744]
> Start DBeaver ERD UI [org.jkiss.dbeaver.erd.ui 3.0.62.202303250535]
> Start DBeaver ERD Model [org.jkiss.dbeaver.erd.model 1.0.62.202303250535]
2025-03-26 08:59:06.743 - Total database drivers: 102 (102)
> Start 콘솔 [org.eclipse.ui.console 3.11.400.v20221012-0524]
Warning: NLS unused message: InputStreamMonitor_label in: org.eclipse.debug.internal.core.DebugCoreMessages
Warning: NLS unused message: OutputStreamMonitor_label in: org.eclipse.debug.internal.core.DebugCoreMessages
> Start 디버그 핵심 [org.eclipse.debug.core 3.20.0.v20220811-0741]
2025-03-26 08:59:07.424 - Connect with 'localhost' (oracle_thin-19516f01adb-3ff644d98dd644a7)
> Start DBeaver Oracle Support [org.jkiss.dbeaver.ext.oracle 2.1.187.202303250535]
2025-03-26 08:59:07.455 - Execution context opened (localhost; Main; 0)
2025-03-26 08:59:07.819 - Execution context opened (localhost; Metadata; 1)
2025-03-26 08:59:07.869 - Connected (oracle_thin-19516f01adb-3ff644d98dd644a7, Oracle JDBC driver [11.2.0.2.0])
2025-03-26 08:59:07.871 - Execution context opened (localhost; SQLEditor <Table.sql>; 2)
2025-03-26 08:59:09.242 - Open [https://dbeaver.io/product/version.xml]
2025-03-26 08:59:48.608 - Connect with 'localhost' (oracle_thin-194fcb2fefe-5b51cf63976d9d66)
2025-03-26 08:59:48.608 - Execution context opened (localhost; Main; 3)
2025-03-26 08:59:48.625 - Execution context opened (localhost; Metadata; 4)
2025-03-26 08:59:48.651 - Connected (oracle_thin-194fcb2fefe-5b51cf63976d9d66, Oracle JDBC driver [11.2.0.2.0])
2025-03-26 08:59:48.663 - Execution context opened (localhost; SQLEditor <dml.sql>; 5)
2025-03-26 12:31:06.444 - Connect with 'localhost' (oracle_thin-1951cca2bd8-6794d817b31d3e49)
> Start DBeaver SSH tunnels [org.jkiss.dbeaver.net.ssh 1.0.123.202303250535]
> Start DBeaver SSH implementation (SSHJ) [org.jkiss.dbeaver.net.ssh.sshj 1.0.123.202303250535]
> Start DBeaver SSH implementation (JSch) [org.jkiss.dbeaver.net.ssh.jsch 1.1.112.202303250535]
2025-03-26 12:31:07.087 - Security Provider class 'org.bouncycastle.jce.provider.BouncyCastleProvider' not found
2025-03-26 12:31:07.088 - BouncyCastle not registered, using the default JCE provider
2025-03-26 12:31:07.095 - Creating new SecureRandom.
> Start JSch 핵심 [org.eclipse.jsch.core 1.4.0.v20220813-1037]
2025-03-26 12:31:17.546 - Connection failed (oracle_thin-1951cca2bd8-6794d817b31d3e49)
org.jkiss.dbeaver.model.exec.DBCException: Can't initialize tunnel
	at org.jkiss.dbeaver.registry.DataSourceDescriptor.connect(DataSourceDescriptor.java:1049)
	at org.jkiss.dbeaver.runtime.jobs.ConnectJob.run(ConnectJob.java:70)
	at org.jkiss.dbeaver.model.runtime.AbstractJob.run(AbstractJob.java:105)
	at org.eclipse.core.internal.jobs.Worker.run(Worker.java:63)
Caused by: org.jkiss.dbeaver.DBException: Cannot establish tunnel to 54.180.116.235:22
	at org.jkiss.dbeaver.model.net.ssh.SSHImplementationSshj.setupTunnel(SSHImplementationSshj.java:148)
	at org.jkiss.dbeaver.model.net.ssh.SSHImplementationAbstract.initTunnel(SSHImplementationAbstract.java:135)
	at org.jkiss.dbeaver.model.net.ssh.SSHTunnelImpl.initializeHandler(SSHTunnelImpl.java:77)
	at org.jkiss.dbeaver.registry.DataSourceDescriptor.connect(DataSourceDescriptor.java:1044)
	... 3 more
Caused by: java.net.SocketTimeoutException: connect timed out
	at java.base/java.net.PlainSocketImpl.waitForConnect(Native Method)
	at java.base/java.net.PlainSocketImpl.socketConnect(Unknown Source)
	at java.base/java.net.AbstractPlainSocketImpl.doConnect(Unknown Source)
	at java.base/java.net.AbstractPlainSocketImpl.connectToAddress(Unknown Source)
	at java.base/java.net.AbstractPlainSocketImpl.connect(Unknown Source)
	at java.base/java.net.SocksSocketImpl.connect(Unknown Source)
	at java.base/java.net.Socket.connect(Unknown Source)
	at net.schmizz.sshj.SocketClient.connect(SocketClient.java:68)
	at org.jkiss.dbeaver.model.net.ssh.SSHImplementationSshj.setupTunnel(SSHImplementationSshj.java:102)
	... 6 more
2025-03-26 12:31:17.608 - org.jkiss.dbeaver.model.exec.DBCException: Can't initialize tunnel
org.jkiss.dbeaver.model.exec.DBCException: Can't initialize tunnel
	at org.jkiss.dbeaver.registry.DataSourceDescriptor.connect(DataSourceDescriptor.java:1049)
	at org.jkiss.dbeaver.runtime.jobs.ConnectJob.run(ConnectJob.java:70)
	at org.jkiss.dbeaver.model.runtime.AbstractJob.run(AbstractJob.java:105)
	at org.eclipse.core.internal.jobs.Worker.run(Worker.java:63)
Caused by: org.jkiss.dbeaver.DBException: Cannot establish tunnel to 54.180.116.235:22
	at org.jkiss.dbeaver.model.net.ssh.SSHImplementationSshj.setupTunnel(SSHImplementationSshj.java:148)
	at org.jkiss.dbeaver.model.net.ssh.SSHImplementationAbstract.initTunnel(SSHImplementationAbstract.java:135)
	at org.jkiss.dbeaver.model.net.ssh.SSHTunnelImpl.initializeHandler(SSHTunnelImpl.java:77)
	at org.jkiss.dbeaver.registry.DataSourceDescriptor.connect(DataSourceDescriptor.java:1044)
	... 3 more
Caused by: java.net.SocketTimeoutException: connect timed out
	at java.base/java.net.PlainSocketImpl.waitForConnect(Native Method)
	at java.base/java.net.PlainSocketImpl.socketConnect(Unknown Source)
	at java.base/java.net.AbstractPlainSocketImpl.doConnect(Unknown Source)
	at java.base/java.net.AbstractPlainSocketImpl.connectToAddress(Unknown Source)
	at java.base/java.net.AbstractPlainSocketImpl.connect(Unknown Source)
	at java.base/java.net.SocksSocketImpl.connect(Unknown Source)
	at java.base/java.net.Socket.connect(Unknown Source)
	at net.schmizz.sshj.SocketClient.connect(SocketClient.java:68)
	at org.jkiss.dbeaver.model.net.ssh.SSHImplementationSshj.setupTunnel(SSHImplementationSshj.java:102)
	... 6 more
2025-03-26 12:31:17.616 - Cannot establish tunnel to 54.180.116.235:22
org.jkiss.dbeaver.DBException: Cannot establish tunnel to 54.180.116.235:22
	at org.jkiss.dbeaver.model.net.ssh.SSHImplementationSshj.setupTunnel(SSHImplementationSshj.java:148)
	at org.jkiss.dbeaver.model.net.ssh.SSHImplementationAbstract.initTunnel(SSHImplementationAbstract.java:135)
	at org.jkiss.dbeaver.model.net.ssh.SSHTunnelImpl.initializeHandler(SSHTunnelImpl.java:77)
	at org.jkiss.dbeaver.registry.DataSourceDescriptor.connect(DataSourceDescriptor.java:1044)
	at org.jkiss.dbeaver.runtime.jobs.ConnectJob.run(ConnectJob.java:70)
	at org.jkiss.dbeaver.model.runtime.AbstractJob.run(AbstractJob.java:105)
	at org.eclipse.core.internal.jobs.Worker.run(Worker.java:63)
Caused by: java.net.SocketTimeoutException: connect timed out
	at java.base/java.net.PlainSocketImpl.waitForConnect(Native Method)
	at java.base/java.net.PlainSocketImpl.socketConnect(Unknown Source)
	at java.base/java.net.AbstractPlainSocketImpl.doConnect(Unknown Source)
	at java.base/java.net.AbstractPlainSocketImpl.connectToAddress(Unknown Source)
	at java.base/java.net.AbstractPlainSocketImpl.connect(Unknown Source)
	at java.base/java.net.SocksSocketImpl.connect(Unknown Source)
	at java.base/java.net.Socket.connect(Unknown Source)
	at net.schmizz.sshj.SocketClient.connect(SocketClient.java:68)
	at org.jkiss.dbeaver.model.net.ssh.SSHImplementationSshj.setupTunnel(SSHImplementationSshj.java:102)
	... 6 more
2025-03-26 12:31:47.136 - org.jkiss.dbeaver.model.sql.DBSQLException: SQL Error [955] [42000]: ORA-00955: name is already used by an existing object

	at org.jkiss.dbeaver.model.impl.jdbc.exec.JDBCStatementImpl.executeStatement(JDBCStatementImpl.java:133)
	at org.jkiss.dbeaver.ui.editors.sql.execute.SQLQueryJob.executeStatement(SQLQueryJob.java:582)
	at org.jkiss.dbeaver.ui.editors.sql.execute.SQLQueryJob.lambda$1(SQLQueryJob.java:491)
	at org.jkiss.dbeaver.model.exec.DBExecUtils.tryExecuteRecover(DBExecUtils.java:173)
	at org.jkiss.dbeaver.ui.editors.sql.execute.SQLQueryJob.executeSingleQuery(SQLQueryJob.java:498)
	at org.jkiss.dbeaver.ui.editors.sql.execute.SQLQueryJob.run(SQLQueryJob.java:238)
	at org.jkiss.dbeaver.model.runtime.AbstractJob.run(AbstractJob.java:105)
	at org.eclipse.core.internal.jobs.Worker.run(Worker.java:63)
Caused by: java.sql.SQLSyntaxErrorException: ORA-00955: name is already used by an existing object

	at oracle.jdbc.driver.T4CTTIoer.processError(T4CTTIoer.java:440)
	at oracle.jdbc.driver.T4CTTIoer.processError(T4CTTIoer.java:396)
	at oracle.jdbc.driver.T4C8Oall.processError(T4C8Oall.java:837)
	at oracle.jdbc.driver.T4CTTIfun.receive(T4CTTIfun.java:445)
	at oracle.jdbc.driver.T4CTTIfun.doRPC(T4CTTIfun.java:191)
	at oracle.jdbc.driver.T4C8Oall.doOALL(T4C8Oall.java:523)
	at oracle.jdbc.driver.T4CStatement.doOall8(T4CStatement.java:193)
	at oracle.jdbc.driver.T4CStatement.executeForRows(T4CStatement.java:999)
	at oracle.jdbc.driver.OracleStatement.doExecuteWithTimeout(OracleStatement.java:1315)
	at oracle.jdbc.driver.OracleStatement.executeInternal(OracleStatement.java:1890)
	at oracle.jdbc.driver.OracleStatement.execute(OracleStatement.java:1855)
	at oracle.jdbc.driver.OracleStatementWrapper.execute(OracleStatementWrapper.java:304)
	at org.jkiss.dbeaver.model.impl.jdbc.exec.JDBCStatementImpl.execute(JDBCStatementImpl.java:329)
	at org.jkiss.dbeaver.model.impl.jdbc.exec.JDBCStatementImpl.lambda$0(JDBCStatementImpl.java:131)
	at org.jkiss.dbeaver.utils.SecurityManagerUtils.wrapDriverActions(SecurityManagerUtils.java:96)
	at org.jkiss.dbeaver.model.impl.jdbc.exec.JDBCStatementImpl.executeStatement(JDBCStatementImpl.java:131)
	... 7 more
2025-03-26 12:31:47.239 - Error binding callable statement parameters from metadata: 지원되지 않는 기능입니다
2025-03-26 12:31:47.240 - Error obtaining output parameters from metadata: 지원되지 않는 기능입니다
2025-03-26 12:31:47.240 - Can't obtain procedure metadata nor jdbc metadata
> Start ICU4J Base [com.ibm.icu.base 58.2.0.v20170418-1837]
> Start DBeaver Oracle UI [org.jkiss.dbeaver.ext.oracle.ui 1.0.89.202303250535]
2025-03-26 12:32:09.643 - Can't get column 'EXTERNAL_NAME': 부적합한 열 이름
2025-03-26 12:32:09.643 - Can't get column 'ACCOUNT_STATUS': 부적합한 열 이름
2025-03-26 12:32:09.644 - Can't get column 'LOCK_DATE': 부적합한 열 이름
2025-03-26 12:32:09.644 - Can't get column 'EXPIRY_DATE': 부적합한 열 이름
2025-03-26 12:32:09.644 - Can't get column 'DEFAULT_TABLESPACE': 부적합한 열 이름
2025-03-26 12:32:09.644 - Can't get column 'TEMPORARY_TABLESPACE': 부적합한 열 이름
2025-03-26 12:32:09.644 - Can't get column 'PROFILE': 부적합한 열 이름
2025-03-26 12:32:09.644 - Can't get column 'INITIAL_RSRC_CONSUMER_GROUP': 부적합한 열 이름
2025-03-26 12:32:52.297 - org.jkiss.dbeaver.model.sql.DBSQLException: SQL Error [957] [42000]: ORA-00957: duplicate column name

	at org.jkiss.dbeaver.model.impl.jdbc.exec.JDBCStatementImpl.executeStatement(JDBCStatementImpl.java:133)
	at org.jkiss.dbeaver.ui.editors.sql.execute.SQLQueryJob.executeStatement(SQLQueryJob.java:582)
	at org.jkiss.dbeaver.ui.editors.sql.execute.SQLQueryJob.lambda$1(SQLQueryJob.java:491)
	at org.jkiss.dbeaver.model.exec.DBExecUtils.tryExecuteRecover(DBExecUtils.java:173)
	at org.jkiss.dbeaver.ui.editors.sql.execute.SQLQueryJob.executeSingleQuery(SQLQueryJob.java:498)
	at org.jkiss.dbeaver.ui.editors.sql.execute.SQLQueryJob.run(SQLQueryJob.java:238)
	at org.jkiss.dbeaver.model.runtime.AbstractJob.run(AbstractJob.java:105)
	at org.eclipse.core.internal.jobs.Worker.run(Worker.java:63)
Caused by: java.sql.SQLSyntaxErrorException: ORA-00957: duplicate column name

	at oracle.jdbc.driver.T4CTTIoer.processError(T4CTTIoer.java:440)
	at oracle.jdbc.driver.T4CTTIoer.processError(T4CTTIoer.java:396)
	at oracle.jdbc.driver.T4C8Oall.processError(T4C8Oall.java:837)
	at oracle.jdbc.driver.T4CTTIfun.receive(T4CTTIfun.java:445)
	at oracle.jdbc.driver.T4CTTIfun.doRPC(T4CTTIfun.java:191)
	at oracle.jdbc.driver.T4C8Oall.doOALL(T4C8Oall.java:523)
	at oracle.jdbc.driver.T4CStatement.doOall8(T4CStatement.java:193)
	at oracle.jdbc.driver.T4CStatement.executeForRows(T4CStatement.java:999)
	at oracle.jdbc.driver.OracleStatement.doExecuteWithTimeout(OracleStatement.java:1315)
	at oracle.jdbc.driver.OracleStatement.executeInternal(OracleStatement.java:1890)
	at oracle.jdbc.driver.OracleStatement.execute(OracleStatement.java:1855)
	at oracle.jdbc.driver.OracleStatementWrapper.execute(OracleStatementWrapper.java:304)
	at org.jkiss.dbeaver.model.impl.jdbc.exec.JDBCStatementImpl.execute(JDBCStatementImpl.java:329)
	at org.jkiss.dbeaver.model.impl.jdbc.exec.JDBCStatementImpl.lambda$0(JDBCStatementImpl.java:131)
	at org.jkiss.dbeaver.utils.SecurityManagerUtils.wrapDriverActions(SecurityManagerUtils.java:96)
	at org.jkiss.dbeaver.model.impl.jdbc.exec.JDBCStatementImpl.executeStatement(JDBCStatementImpl.java:131)
	... 7 more
2025-03-26 12:32:52.347 - Error binding callable statement parameters from metadata: 지원되지 않는 기능입니다
2025-03-26 12:32:52.347 - Error obtaining output parameters from metadata: 지원되지 않는 기능입니다
2025-03-26 12:32:52.347 - Can't obtain procedure metadata nor jdbc metadata
2025-03-26 12:33:31.924 - org.jkiss.dbeaver.model.sql.DBSQLException: SQL Error [957] [42000]: ORA-00957: duplicate column name

	at org.jkiss.dbeaver.model.impl.jdbc.exec.JDBCStatementImpl.executeStatement(JDBCStatementImpl.java:133)
	at org.jkiss.dbeaver.ui.editors.sql.execute.SQLQueryJob.executeStatement(SQLQueryJob.java:582)
	at org.jkiss.dbeaver.ui.editors.sql.execute.SQLQueryJob.lambda$1(SQLQueryJob.java:491)
	at org.jkiss.dbeaver.model.exec.DBExecUtils.tryExecuteRecover(DBExecUtils.java:173)
	at org.jkiss.dbeaver.ui.editors.sql.execute.SQLQueryJob.executeSingleQuery(SQLQueryJob.java:498)
	at org.jkiss.dbeaver.ui.editors.sql.execute.SQLQueryJob.run(SQLQueryJob.java:238)
	at org.jkiss.dbeaver.model.runtime.AbstractJob.run(AbstractJob.java:105)
	at org.eclipse.core.internal.jobs.Worker.run(Worker.java:63)
Caused by: java.sql.SQLSyntaxErrorException: ORA-00957: duplicate column name

	at oracle.jdbc.driver.T4CTTIoer.processError(T4CTTIoer.java:440)
	at oracle.jdbc.driver.T4CTTIoer.processError(T4CTTIoer.java:396)
	at oracle.jdbc.driver.T4C8Oall.processError(T4C8Oall.java:837)
	at oracle.jdbc.driver.T4CTTIfun.receive(T4CTTIfun.java:445)
	at oracle.jdbc.driver.T4CTTIfun.doRPC(T4CTTIfun.java:191)
	at oracle.jdbc.driver.T4C8Oall.doOALL(T4C8Oall.java:523)
	at oracle.jdbc.driver.T4CStatement.doOall8(T4CStatement.java:193)
	at oracle.jdbc.driver.T4CStatement.executeForRows(T4CStatement.java:999)
	at oracle.jdbc.driver.OracleStatement.doExecuteWithTimeout(OracleStatement.java:1315)
	at oracle.jdbc.driver.OracleStatement.executeInternal(OracleStatement.java:1890)
	at oracle.jdbc.driver.OracleStatement.execute(OracleStatement.java:1855)
	at oracle.jdbc.driver.OracleStatementWrapper.execute(OracleStatementWrapper.java:304)
	at org.jkiss.dbeaver.model.impl.jdbc.exec.JDBCStatementImpl.execute(JDBCStatementImpl.java:329)
	at org.jkiss.dbeaver.model.impl.jdbc.exec.JDBCStatementImpl.lambda$0(JDBCStatementImpl.java:131)
	at org.jkiss.dbeaver.utils.SecurityManagerUtils.wrapDriverActions(SecurityManagerUtils.java:96)
	at org.jkiss.dbeaver.model.impl.jdbc.exec.JDBCStatementImpl.executeStatement(JDBCStatementImpl.java:131)
	... 7 more
2025-03-26 12:33:31.972 - Error binding callable statement parameters from metadata: 지원되지 않는 기능입니다
2025-03-26 12:33:31.972 - Error obtaining output parameters from metadata: 지원되지 않는 기능입니다
2025-03-26 12:33:31.972 - Can't obtain procedure metadata nor jdbc metadata
2025-03-26 12:34:28.087 - org.jkiss.dbeaver.model.sql.DBSQLException: SQL Error [942] [42000]: ORA-00942: table or view does not exist

	at org.jkiss.dbeaver.model.impl.jdbc.exec.JDBCStatementImpl.executeStatement(JDBCStatementImpl.java:133)
	at org.jkiss.dbeaver.ui.editors.sql.execute.SQLQueryJob.executeStatement(SQLQueryJob.java:582)
	at org.jkiss.dbeaver.ui.editors.sql.execute.SQLQueryJob.lambda$1(SQLQueryJob.java:491)
	at org.jkiss.dbeaver.model.exec.DBExecUtils.tryExecuteRecover(DBExecUtils.java:173)
	at org.jkiss.dbeaver.ui.editors.sql.execute.SQLQueryJob.executeSingleQuery(SQLQueryJob.java:498)
	at org.jkiss.dbeaver.ui.editors.sql.execute.SQLQueryJob.run(SQLQueryJob.java:238)
	at org.jkiss.dbeaver.model.runtime.AbstractJob.run(AbstractJob.java:105)
	at org.eclipse.core.internal.jobs.Worker.run(Worker.java:63)
Caused by: java.sql.SQLSyntaxErrorException: ORA-00942: table or view does not exist

	at oracle.jdbc.driver.T4CTTIoer.processError(T4CTTIoer.java:440)
	at oracle.jdbc.driver.T4CTTIoer.processError(T4CTTIoer.java:396)
	at oracle.jdbc.driver.T4C8Oall.processError(T4C8Oall.java:837)
	at oracle.jdbc.driver.T4CTTIfun.receive(T4CTTIfun.java:445)
	at oracle.jdbc.driver.T4CTTIfun.doRPC(T4CTTIfun.java:191)
	at oracle.jdbc.driver.T4C8Oall.doOALL(T4C8Oall.java:523)
	at oracle.jdbc.driver.T4CStatement.doOall8(T4CStatement.java:193)
	at oracle.jdbc.driver.T4CStatement.executeForRows(T4CStatement.java:999)
	at oracle.jdbc.driver.OracleStatement.doExecuteWithTimeout(OracleStatement.java:1315)
	at oracle.jdbc.driver.OracleStatement.executeInternal(OracleStatement.java:1890)
	at oracle.jdbc.driver.OracleStatement.execute(OracleStatement.java:1855)
	at oracle.jdbc.driver.OracleStatementWrapper.execute(OracleStatementWrapper.java:304)
	at org.jkiss.dbeaver.model.impl.jdbc.exec.JDBCStatementImpl.execute(JDBCStatementImpl.java:329)
	at org.jkiss.dbeaver.model.impl.jdbc.exec.JDBCStatementImpl.lambda$0(JDBCStatementImpl.java:131)
	at org.jkiss.dbeaver.utils.SecurityManagerUtils.wrapDriverActions(SecurityManagerUtils.java:96)
	at org.jkiss.dbeaver.model.impl.jdbc.exec.JDBCStatementImpl.executeStatement(JDBCStatementImpl.java:131)
	... 7 more
2025-03-26 12:34:28.236 - Error binding callable statement parameters from metadata: 지원되지 않는 기능입니다
2025-03-26 12:34:28.236 - Error obtaining output parameters from metadata: 지원되지 않는 기능입니다
2025-03-26 12:34:28.236 - Can't obtain procedure metadata nor jdbc metadata
2025-03-26 12:35:12.440 - Error binding callable statement parameters from metadata: 지원되지 않는 기능입니다
2025-03-26 12:35:12.440 - Error obtaining output parameters from metadata: 지원되지 않는 기능입니다
2025-03-26 12:35:12.440 - Can't obtain procedure metadata nor jdbc metadata
2025-03-26 12:35:12.604 - SQL Error [942] [42000]: ORA-00942: table or view does not exist


Error position: line: 394 pos: 186
org.jkiss.dbeaver.model.sql.DBSQLException: SQL Error [942] [42000]: ORA-00942: table or view does not exist

	at org.jkiss.dbeaver.model.impl.jdbc.exec.JDBCStatementImpl.executeStatement(JDBCStatementImpl.java:133)
	at org.jkiss.dbeaver.ui.editors.sql.execute.SQLQueryJob.executeStatement(SQLQueryJob.java:582)
	at org.jkiss.dbeaver.ui.editors.sql.execute.SQLQueryJob.lambda$1(SQLQueryJob.java:491)
	at org.jkiss.dbeaver.model.exec.DBExecUtils.tryExecuteRecover(DBExecUtils.java:173)
	at org.jkiss.dbeaver.ui.editors.sql.execute.SQLQueryJob.executeSingleQuery(SQLQueryJob.java:498)
	at org.jkiss.dbeaver.ui.editors.sql.execute.SQLQueryJob.extractData(SQLQueryJob.java:934)
	at org.jkiss.dbeaver.ui.editors.sql.SQLEditor$QueryResultsContainer.readData(SQLEditor.java:3864)
	at org.jkiss.dbeaver.ui.controls.resultset.ResultSetJobDataRead.lambda$0(ResultSetJobDataRead.java:123)
	at org.jkiss.dbeaver.model.exec.DBExecUtils.tryExecuteRecover(DBExecUtils.java:173)
	at org.jkiss.dbeaver.ui.controls.resultset.ResultSetJobDataRead.run(ResultSetJobDataRead.java:121)
	at org.jkiss.dbeaver.ui.controls.resultset.ResultSetViewer$ResultSetDataPumpJob.run(ResultSetViewer.java:5113)
	at org.jkiss.dbeaver.model.runtime.AbstractJob.run(AbstractJob.java:105)
	at org.eclipse.core.internal.jobs.Worker.run(Worker.java:63)
Caused by: java.sql.SQLSyntaxErrorException: ORA-00942: table or view does not exist

	at oracle.jdbc.driver.T4CTTIoer.processError(T4CTTIoer.java:440)
	at oracle.jdbc.driver.T4CTTIoer.processError(T4CTTIoer.java:396)
	at oracle.jdbc.driver.T4C8Oall.processError(T4C8Oall.java:837)
	at oracle.jdbc.driver.T4CTTIfun.receive(T4CTTIfun.java:445)
	at oracle.jdbc.driver.T4CTTIfun.doRPC(T4CTTIfun.java:191)
	at oracle.jdbc.driver.T4C8Oall.doOALL(T4C8Oall.java:523)
	at oracle.jdbc.driver.T4CStatement.doOall8(T4CStatement.java:193)
	at oracle.jdbc.driver.T4CStatement.executeForRows(T4CStatement.java:999)
	at oracle.jdbc.driver.OracleStatement.doExecuteWithTimeout(OracleStatement.java:1315)
	at oracle.jdbc.driver.OracleStatement.executeInternal(OracleStatement.java:1890)
	at oracle.jdbc.driver.OracleStatement.execute(OracleStatement.java:1855)
	at oracle.jdbc.driver.OracleStatementWrapper.execute(OracleStatementWrapper.java:304)
	at org.jkiss.dbeaver.model.impl.jdbc.exec.JDBCStatementImpl.execute(JDBCStatementImpl.java:329)
	at org.jkiss.dbeaver.model.impl.jdbc.exec.JDBCStatementImpl.lambda$0(JDBCStatementImpl.java:131)
	at org.jkiss.dbeaver.utils.SecurityManagerUtils.wrapDriverActions(SecurityManagerUtils.java:96)
	at org.jkiss.dbeaver.model.impl.jdbc.exec.JDBCStatementImpl.executeStatement(JDBCStatementImpl.java:131)
	... 12 more
2025-03-26 12:36:24.989 - org.jkiss.dbeaver.model.sql.DBSQLException: SQL Error [955] [42000]: ORA-00955: name is already used by an existing object

	at org.jkiss.dbeaver.model.impl.jdbc.exec.JDBCStatementImpl.executeStatement(JDBCStatementImpl.java:133)
	at org.jkiss.dbeaver.ui.editors.sql.execute.SQLQueryJob.executeStatement(SQLQueryJob.java:582)
	at org.jkiss.dbeaver.ui.editors.sql.execute.SQLQueryJob.lambda$1(SQLQueryJob.java:491)
	at org.jkiss.dbeaver.model.exec.DBExecUtils.tryExecuteRecover(DBExecUtils.java:173)
	at org.jkiss.dbeaver.ui.editors.sql.execute.SQLQueryJob.executeSingleQuery(SQLQueryJob.java:498)
	at org.jkiss.dbeaver.ui.editors.sql.execute.SQLQueryJob.run(SQLQueryJob.java:238)
	at org.jkiss.dbeaver.model.runtime.AbstractJob.run(AbstractJob.java:105)
	at org.eclipse.core.internal.jobs.Worker.run(Worker.java:63)
Caused by: java.sql.SQLSyntaxErrorException: ORA-00955: name is already used by an existing object

	at oracle.jdbc.driver.T4CTTIoer.processError(T4CTTIoer.java:440)
	at oracle.jdbc.driver.T4CTTIoer.processError(T4CTTIoer.java:396)
	at oracle.jdbc.driver.T4C8Oall.processError(T4C8Oall.java:837)
	at oracle.jdbc.driver.T4CTTIfun.receive(T4CTTIfun.java:445)
	at oracle.jdbc.driver.T4CTTIfun.doRPC(T4CTTIfun.java:191)
	at oracle.jdbc.driver.T4C8Oall.doOALL(T4C8Oall.java:523)
	at oracle.jdbc.driver.T4CStatement.doOall8(T4CStatement.java:193)
	at oracle.jdbc.driver.T4CStatement.executeForRows(T4CStatement.java:999)
	at oracle.jdbc.driver.OracleStatement.doExecuteWithTimeout(OracleStatement.java:1315)
	at oracle.jdbc.driver.OracleStatement.executeInternal(OracleStatement.java:1890)
	at oracle.jdbc.driver.OracleStatement.execute(OracleStatement.java:1855)
	at oracle.jdbc.driver.OracleStatementWrapper.execute(OracleStatementWrapper.java:304)
	at org.jkiss.dbeaver.model.impl.jdbc.exec.JDBCStatementImpl.execute(JDBCStatementImpl.java:329)
	at org.jkiss.dbeaver.model.impl.jdbc.exec.JDBCStatementImpl.lambda$0(JDBCStatementImpl.java:131)
	at org.jkiss.dbeaver.utils.SecurityManagerUtils.wrapDriverActions(SecurityManagerUtils.java:96)
	at org.jkiss.dbeaver.model.impl.jdbc.exec.JDBCStatementImpl.executeStatement(JDBCStatementImpl.java:131)
	... 7 more
2025-03-26 12:36:25.043 - Error binding callable statement parameters from metadata: 지원되지 않는 기능입니다
2025-03-26 12:36:25.044 - Error obtaining output parameters from metadata: 지원되지 않는 기능입니다
2025-03-26 12:36:25.044 - Can't obtain procedure metadata nor jdbc metadata
2025-03-26 12:36:46.776 - org.jkiss.dbeaver.model.sql.DBSQLException: SQL Error [955] [42000]: ORA-00955: name is already used by an existing object

	at org.jkiss.dbeaver.model.impl.jdbc.exec.JDBCStatementImpl.executeStatement(JDBCStatementImpl.java:133)
	at org.jkiss.dbeaver.ui.editors.sql.execute.SQLQueryJob.executeStatement(SQLQueryJob.java:582)
	at org.jkiss.dbeaver.ui.editors.sql.execute.SQLQueryJob.lambda$1(SQLQueryJob.java:491)
	at org.jkiss.dbeaver.model.exec.DBExecUtils.tryExecuteRecover(DBExecUtils.java:173)
	at org.jkiss.dbeaver.ui.editors.sql.execute.SQLQueryJob.executeSingleQuery(SQLQueryJob.java:498)
	at org.jkiss.dbeaver.ui.editors.sql.execute.SQLQueryJob.run(SQLQueryJob.java:238)
	at org.jkiss.dbeaver.model.runtime.AbstractJob.run(AbstractJob.java:105)
	at org.eclipse.core.internal.jobs.Worker.run(Worker.java:63)
Caused by: java.sql.SQLSyntaxErrorException: ORA-00955: name is already used by an existing object

	at oracle.jdbc.driver.T4CTTIoer.processError(T4CTTIoer.java:440)
	at oracle.jdbc.driver.T4CTTIoer.processError(T4CTTIoer.java:396)
	at oracle.jdbc.driver.T4C8Oall.processError(T4C8Oall.java:837)
	at oracle.jdbc.driver.T4CTTIfun.receive(T4CTTIfun.java:445)
	at oracle.jdbc.driver.T4CTTIfun.doRPC(T4CTTIfun.java:191)
	at oracle.jdbc.driver.T4C8Oall.doOALL(T4C8Oall.java:523)
	at oracle.jdbc.driver.T4CStatement.doOall8(T4CStatement.java:193)
	at oracle.jdbc.driver.T4CStatement.executeForRows(T4CStatement.java:999)
	at oracle.jdbc.driver.OracleStatement.doExecuteWithTimeout(OracleStatement.java:1315)
	at oracle.jdbc.driver.OracleStatement.executeInternal(OracleStatement.java:1890)
	at oracle.jdbc.driver.OracleStatement.execute(OracleStatement.java:1855)
	at oracle.jdbc.driver.OracleStatementWrapper.execute(OracleStatementWrapper.java:304)
	at org.jkiss.dbeaver.model.impl.jdbc.exec.JDBCStatementImpl.execute(JDBCStatementImpl.java:329)
	at org.jkiss.dbeaver.model.impl.jdbc.exec.JDBCStatementImpl.lambda$0(JDBCStatementImpl.java:131)
	at org.jkiss.dbeaver.utils.SecurityManagerUtils.wrapDriverActions(SecurityManagerUtils.java:96)
	at org.jkiss.dbeaver.model.impl.jdbc.exec.JDBCStatementImpl.executeStatement(JDBCStatementImpl.java:131)
	... 7 more
2025-03-26 12:36:46.911 - Error binding callable statement parameters from metadata: 지원되지 않는 기능입니다
2025-03-26 12:36:46.911 - Error obtaining output parameters from metadata: 지원되지 않는 기능입니다
2025-03-26 12:36:46.911 - Can't obtain procedure metadata nor jdbc metadata
2025-03-26 12:40:28.463 - Execution context closed (localhost, 5)
2025-03-26 12:40:28.572 - Execution context closed (localhost, 2)
2025-03-26 12:40:28.983 - DBeaver is stopping
2025-03-26 12:40:28.985 - Stop RMI server
2025-03-26 12:40:28.989 - RMI controller has been stopped
2025-03-26 12:40:28.990 - DBeaver shutdown completed
